[]2019-12-11 07:58:38<xml>
  <ToUserName><![CDATA[toUser]]></ToUserName>
  <FromUserName><![CDATA[fromUser]]></FromUserName>
  <CreateTime>1348831860</CreateTime>
  <MsgType><![CDATA[text]]></MsgType>
  <Content><![CDATA[this is a test]]></Content>
  <MsgId>1234567890123456</MsgId>
</xml>2019-12-11 08:05:29<xml>
  <ToUserName><![CDATA[toUser]]></ToUserName>
  <FromUserName><![CDATA[fromUser]]></FromUserName>
  <CreateTime>1348831860</CreateTime>
  <MsgType><![CDATA[text]]></MsgType>
  <Content><![CDATA[this is a test]]></Content>
  <MsgId>1234567890123456</MsgId>
</xml>2019-12-11 08:05:50<xml>
  <ToUserName><![CDATA[toUser]]></ToUserName>
  <FromUserName><![CDATA[fromUser]]></FromUserName>
  <CreateTime>1348831860</CreateTime>
  <MsgType><![CDATA[text]]></MsgType>
  <Content><![CDATA[this is a test]]></Content>
  <MsgId>1234567890123456</MsgId>
</xml>2019-12-11 08:27:01<xml>
  <ToUserName><![CDATA[toUser]]></ToUserName>
  <FromUserName><![CDATA[fromUser]]></FromUserName>
  <CreateTime>1348831860</CreateTime>
  <MsgType><![CDATA[text]]></MsgType>
  <Content><![CDATA[this is a test]]></Content>
  <MsgId>1234567890123456</MsgId>
</xml>2019-12-11 08:27:46<ToUserName><![CDATA[gh_cb3312ef7d00]]></ToUserName>
<FromUserName><![CDATA[o6j4oxE8mXaZkgI6_L-7_9e8rgjE]]></FromUserName>
<CreateTime>1575961679</CreateTime>
<MsgType><![CDATA[event]]></MsgType>
<Event><![CDATA[unsubscribe]]></Event>
<EventKey><![CDATA[]]></EventKey>
</xml>2019-12-11 08:28:08<xml><ToUserName><![CDATA[gh_cb3312ef7d00]]></ToUserName>
<FromUserName><![CDATA[o6j4oxE8mXaZkgI6_L-7_9e8rgjE]]></FromUserName>
<CreateTime>1575961679</CreateTime>
<MsgType><![CDATA[event]]></MsgType>
<Event><![CDATA[unsubscribe]]></Event>
<EventKey><![CDATA[]]></EventKey>
</xml>2019-12-11 08:29:13<xml><ToUserName><![CDATA[gh_cb3312ef7d00]]></ToUserName>
<FromUserName><![CDATA[o6j4oxE8mXaZkgI6_L-7_9e8rgjE]]></FromUserName>
<CreateTime>1575961679</CreateTime>
<MsgType><![CDATA[event]]></MsgType>
<Event><![CDATA[unsubscribe]]></Event>
<EventKey><![CDATA[]]></EventKey>
</xml>2019-12-11 08:30:08<xml><ToUserName><![CDATA[gh_cb3312ef7d00]]></ToUserName>
<FromUserName><![CDATA[o6j4oxE8mXaZkgI6_L-7_9e8rgjE]]></FromUserName>
<CreateTime>1575961679</CreateTime>
<MsgType><![CDATA[event]]></MsgType>
<Event><![CDATA[unsubscribe]]></Event>
<EventKey><![CDATA[]]></EventKey>
</xml>2019-12-11 08:32:54<xml><ToUserName><![CDATA[gh_cb3312ef7d00]]></ToUserName>
<FromUserName><![CDATA[o6j4oxE8mXaZkgI6_L-7_9e8rgjE]]></FromUserName>
<CreateTime>1575961679</CreateTime>
<MsgType><![CDATA[event]]></MsgType>
<Event><![CDATA[unsubscribe]]></Event>
<EventKey><![CDATA[]]></EventKey>
</xml>2019-12-11 08:33:12<xml><ToUserName><![CDATA[gh_cb3312ef7d00]]></ToUserName>
<FromUserName><![CDATA[o6j4oxE8mXaZkgI6_L-7_9e8rgjE]]></FromUserName>
<CreateTime>1575961679</CreateTime>
<MsgType><![CDATA[event]]></MsgType>
<Event><![CDATA[unsubscribe]]></Event>
<EventKey><![CDATA[]]></EventKey>
</xml>2019-12-11 08:33:17<xml><ToUserName><![CDATA[gh_cb3312ef7d00]]></ToUserName>
<FromUserName><![CDATA[o6j4oxE8mXaZkgI6_L-7_9e8rgjE]]></FromUserName>
<CreateTime>1575961679</CreateTime>
<MsgType><![CDATA[event]]></MsgType>
<Event><![CDATA[unsubscribe]]></Event>
<EventKey><![CDATA[]]></EventKey>
</xml>2019-12-11 08:35:22<xml><ToUserName><![CDATA[gh_cb3312ef7d00]]></ToUserName>
<FromUserName><![CDATA[o6j4oxE8mXaZkgI6_L-7_9e8rgjE]]></FromUserName>
<CreateTime>1575961679</CreateTime>
<MsgType><![CDATA[event]]></MsgType>
<Event><![CDATA[unsubscribe]]></Event>
<EventKey><![CDATA[]]></EventKey>
</xml>2019-12-11 08:40:07<xml><ToUserName><![CDATA[gh_cb3312ef7d00]]></ToUserName>
<FromUserName><![CDATA[o6j4oxE8mXaZkgI6_L-7_9e8rgjE]]></FromUserName>
<CreateTime>1575961679</CreateTime>
<MsgType><![CDATA[event]]></MsgType>
<Event><![CDATA[unsubscribe]]></Event>
<EventKey><![CDATA[]]></EventKey>
</xml>2019-12-11 08:40:49<xml><ToUserName><![CDATA[gh_cb3312ef7d00]]></ToUserName>
<FromUserName><![CDATA[o6j4oxE8mXaZkgI6_L-7_9e8rgjE]]></FromUserName>
<CreateTime>1575961679</CreateTime>
<MsgType><![CDATA[event]]></MsgType>
<Event><![CDATA[unsubscribe]]></Event>
<EventKey><![CDATA[]]></EventKey>
</xml>2019-12-11 08:41:09<xml><ToUserName><![CDATA[gh_cb3312ef7d00]]></ToUserName>
<FromUserName><![CDATA[o6j4oxE8mXaZkgI6_L-7_9e8rgjE]]></FromUserName>
<CreateTime>1575961679</CreateTime>
<MsgType><![CDATA[event]]></MsgType>
<Event><![CDATA[unsubscribe]]></Event>
<EventKey><![CDATA[]]></EventKey>
</xml>2019-12-11 08:41:29<xml><ToUserName><![CDATA[gh_cb3312ef7d00]]></ToUserName>
<FromUserName><![CDATA[o6j4oxE8mXaZkgI6_L-7_9e8rgjE]]></FromUserName>
<CreateTime>1575961679</CreateTime>
<MsgType><![CDATA[event]]></MsgType>
<Event><![CDATA[unsubscribe]]></Event>
<EventKey><![CDATA[]]></EventKey>
</xml>2019-12-11 08:41:34<xml><ToUserName><![CDATA[gh_cb3312ef7d00]]></ToUserName>
<FromUserName><![CDATA[o6j4oxE8mXaZkgI6_L-7_9e8rgjE]]></FromUserName>
<CreateTime>1575961679</CreateTime>
<MsgType><![CDATA[event]]></MsgType>
<Event><![CDATA[unsubscribe]]></Event>
<EventKey><![CDATA[]]></EventKey>
</xml>2019-12-11 08:41:39<xml><ToUserName><![CDATA[gh_cb3312ef7d00]]></ToUserName>
<FromUserName><![CDATA[o6j4oxE8mXaZkgI6_L-7_9e8rgjE]]></FromUserName>
<CreateTime>1575961679</CreateTime>
<MsgType><![CDATA[event]]></MsgType>
<Event><![CDATA[unsubscribe]]></Event>
<EventKey><![CDATA[]]></EventKey>
</xml>2019-12-11 08:42:32<xml><ToUserName><![CDATA[gh_cb3312ef7d00]]></ToUserName>
<FromUserName><![CDATA[o6j4oxE8mXaZkgI6_L-7_9e8rgjE]]></FromUserName>
<CreateTime>1575961679</CreateTime>
<MsgType><![CDATA[event]]></MsgType>
<Event><![CDATA[unsubscribe]]></Event>
<EventKey><![CDATA[]]></EventKey>
</xml>2019-12-11 08:42:37<xml><ToUserName><![CDATA[gh_cb3312ef7d00]]></ToUserName>
<FromUserName><![CDATA[o6j4oxE8mXaZkgI6_L-7_9e8rgjE]]></FromUserName>
<CreateTime>1575961679</CreateTime>
<MsgType><![CDATA[event]]></MsgType>
<Event><![CDATA[unsubscribe]]></Event>
<EventKey><![CDATA[]]></EventKey>
</xml>2019-12-11 08:42:41<xml><ToUserName><![CDATA[gh_cb3312ef7d00]]></ToUserName>
<FromUserName><![CDATA[o6j4oxE8mXaZkgI6_L-7_9e8rgjE]]></FromUserName>
<CreateTime>1575961679</CreateTime>
<MsgType><![CDATA[event]]></MsgType>
<Event><![CDATA[unsubscribe]]></Event>
<EventKey><![CDATA[]]></EventKey>
</xml>2019-12-11 08:42:53<xml><ToUserName><![CDATA[gh_cb3312ef7d00]]></ToUserName>
<FromUserName><![CDATA[o6j4oxE8mXaZkgI6_L-7_9e8rgjE]]></FromUserName>
<CreateTime>1575961679</CreateTime>
<MsgType><![CDATA[event]]></MsgType>
<Event><![CDATA[unsubscribe]]></Event>
<EventKey><![CDATA[]]></EventKey>
</xml>2019-12-11 08:43:00<xml><ToUserName><![CDATA[gh_cb3312ef7d00]]></ToUserName>
<FromUserName><![CDATA[o6j4oxE8mXaZkgI6_L-7_9e8rgjE]]></FromUserName>
<CreateTime>1575961679</CreateTime>
<MsgType><![CDATA[event]]></MsgType>
<Event><![CDATA[unsubscribe]]></Event>
<EventKey><![CDATA[]]></EventKey>
</xml>2019-12-11 08:43:17<xml><ToUserName><![CDATA[gh_cb3312ef7d00]]></ToUserName>
<FromUserName><![CDATA[o6j4oxE8mXaZkgI6_L-7_9e8rgjE]]></FromUserName>
<CreateTime>1575961679</CreateTime>
<MsgType><![CDATA[event]]></MsgType>
<Event><![CDATA[unsubscribe]]></Event>
<EventKey><![CDATA[]]></EventKey>
</xml>2019-12-11 08:43:18<xml><ToUserName><![CDATA[gh_cb3312ef7d00]]></ToUserName>
<FromUserName><![CDATA[o6j4oxE8mXaZkgI6_L-7_9e8rgjE]]></FromUserName>
<CreateTime>1575961679</CreateTime>
<MsgType><![CDATA[event]]></MsgType>
<Event><![CDATA[unsubscribe]]></Event>
<EventKey><![CDATA[]]></EventKey>
</xml>2019-12-11 08:43:19<xml><ToUserName><![CDATA[gh_cb3312ef7d00]]></ToUserName>
<FromUserName><![CDATA[o6j4oxE8mXaZkgI6_L-7_9e8rgjE]]></FromUserName>
<CreateTime>1575961679</CreateTime>
<MsgType><![CDATA[event]]></MsgType>
<Event><![CDATA[unsubscribe]]></Event>
<EventKey><![CDATA[]]></EventKey>
</xml>2019-12-11 08:43:20<xml><ToUserName><![CDATA[gh_cb3312ef7d00]]></ToUserName>
<FromUserName><![CDATA[o6j4oxE8mXaZkgI6_L-7_9e8rgjE]]></FromUserName>
<CreateTime>1575961679</CreateTime>
<MsgType><![CDATA[event]]></MsgType>
<Event><![CDATA[unsubscribe]]></Event>
<EventKey><![CDATA[]]></EventKey>
</xml>2019-12-11 08:43:21<xml><ToUserName><![CDATA[gh_cb3312ef7d00]]></ToUserName>
<FromUserName><![CDATA[o6j4oxE8mXaZkgI6_L-7_9e8rgjE]]></FromUserName>
<CreateTime>1575961679</CreateTime>
<MsgType><![CDATA[event]]></MsgType>
<Event><![CDATA[unsubscribe]]></Event>
<EventKey><![CDATA[]]></EventKey>
</xml>2019-12-11 08:43:21<xml><ToUserName><![CDATA[gh_cb3312ef7d00]]></ToUserName>
<FromUserName><![CDATA[o6j4oxE8mXaZkgI6_L-7_9e8rgjE]]></FromUserName>
<CreateTime>1575961679</CreateTime>
<MsgType><![CDATA[event]]></MsgType>
<Event><![CDATA[unsubscribe]]></Event>
<EventKey><![CDATA[]]></EventKey>
</xml>2019-12-11 08:43:37<xml><ToUserName><![CDATA[gh_cb3312ef7d00]]></ToUserName>
<FromUserName><![CDATA[o6j4oxE8mXaZkgI6_L-7_9e8rgjE]]></FromUserName>
<CreateTime>1575961679</CreateTime>
<MsgType><![CDATA[event]]></MsgType>
<Event><![CDATA[unsubscribe]]></Event>
<EventKey><![CDATA[]]></EventKey>
</xml>2019-12-11 08:48:21<xml><ToUserName><![CDATA[gh_cb3312ef7d00]]></ToUserName>
<FromUserName><![CDATA[o6j4oxE8mXaZkgI6_L-7_9e8rgjE]]></FromUserName>
<CreateTime>1576054049</CreateTime>
<MsgType><![CDATA[event]]></MsgType>
<Event><![CDATA[subscribe]]></Event>
<EventKey><![CDATA[]]></EventKey>
</xml>2019-12-11 08:51:11<xml><ToUserName><![CDATA[gh_cb3312ef7d00]]></ToUserName>
<FromUserName><![CDATA[o6j4oxE8mXaZkgI6_L-7_9e8rgjE]]></FromUserName>
<CreateTime>1576054049</CreateTime>
<MsgType><![CDATA[event]]></MsgType>
<Event><![CDATA[subscribe]]></Event>
<EventKey><![CDATA[]]></EventKey>
</xml>2019-12-11 08:52:46<xml><ToUserName><![CDATA[gh_cb3312ef7d00]]></ToUserName>
<FromUserName><![CDATA[o6j4oxE8mXaZkgI6_L-7_9e8rgjE]]></FromUserName>
<CreateTime>1576054049</CreateTime>
<MsgType><![CDATA[event]]></MsgType>
<Event><![CDATA[subscribe]]></Event>
<EventKey><![CDATA[]]></EventKey>
</xml>2019-12-11 08:52:52<xml><ToUserName><![CDATA[gh_cb3312ef7d00]]></ToUserName>
<FromUserName><![CDATA[o6j4oxE8mXaZkgI6_L-7_9e8rgjE]]></FromUserName>
<CreateTime>1576054049</CreateTime>
<MsgType><![CDATA[event]]></MsgType>
<Event><![CDATA[subscribe]]></Event>
<EventKey><![CDATA[]]></EventKey>
</xml>